# JRE version: Java(TM) SE Runtime Environment (8.0_211-b12) (build 1.8.0_211-b12)
# Java VM: Java HotSpot(TM) 64-Bit Server VM (25.211-b12 mixed mode windows-amd64 compressed oops)
Heap:
 PSYoungGen      total 1102336K, used 549488K [0x000000076b900000, 0x00000007af380000, 0x00000007c0000000)
  eden space 1100288K, 49% used [0x000000076b900000,0x000000078d1641b8,0x00000007aeb80000)
  from space 2048K, 10% used [0x00000007af180000,0x00000007af1b8000,0x00000007af380000)
  to   space 4096K, 0% used [0x00000007aeb80000,0x00000007aeb80000,0x00000007aef80000)
 ParOldGen       total 189440K, used 7636K [0x00000006c2a00000, 0x00000006ce300000, 0x000000076b900000)
  object space 189440K, 4% used [0x00000006c2a00000,0x00000006c3175238,0x00000006ce300000)
 Metaspace       used 19049K, capacity 19418K, committed 25216K, reserved 1071104K
  class space    used 2159K, capacity 2275K, committed 2944K, reserved 1048576K
GC Heap History (10 events):
Event: 17.341 GC heap before
{Heap before GC invocations=43 (full 11):
 PSYoungGen      total 999936K, used 993952K [0x000000076b900000, 0x00000007ac400000, 0x00000007c0000000)
  eden space 993792K, 100% used [0x000000076b900000,0x00000007a8380000,0x00000007a8380000)
  from space 6144K, 2% used [0x00000007a8380000,0x00000007a83a8000,0x00000007a8980000)
  to   space 5632K, 0% used [0x00000007abe80000,0x00000007abe80000,0x00000007ac400000)
 ParOldGen       total 189440K, used 7636K [0x00000006c2a00000, 0x00000006ce300000, 0x000000076b900000)
  object space 189440K, 4% used [0x00000006c2a00000,0x00000006c3175238,0x00000006ce300000)
 Metaspace       used 19048K, capacity 19418K, committed 25216K, reserved 1071104K
  class space    used 2159K, capacity 2275K, committed 2944K, reserved 1048576K
Event: 17.342 GC heap after
Heap after GC invocations=43 (full 11):
 PSYoungGen      total 1040896K, used 192K [0x000000076b900000, 0x00000007abf00000, 0x00000007c0000000)
  eden space 1040384K, 0% used [0x000000076b900000,0x000000076b900000,0x00000007ab100000)
  from space 512K, 37% used [0x00000007abe80000,0x00000007abeb0000,0x00000007abf00000)
  to   space 5632K, 0% used [0x00000007ab400000,0x00000007ab400000,0x00000007ab980000)
 ParOldGen       total 189440K, used 7636K [0x00000006c2a00000, 0x00000006ce300000, 0x000000076b900000)
  object space 189440K, 4% used [0x00000006c2a00000,0x00000006c3175238,0x00000006ce300000)
 Metaspace       used 19048K, capacity 19418K, committed 25216K, reserved 1071104K
  class space    used 2159K, capacity 2275K, committed 2944K, reserved 1048576K
}
Event: 18.087 GC heap before
{Heap before GC invocations=44 (full 11):
 PSYoungGen      total 1040896K, used 1040576K [0x000000076b900000, 0x00000007abf00000, 0x00000007c0000000)
  eden space 1040384K, 100% used [0x000000076b900000,0x00000007ab100000,0x00000007ab100000)
  from space 512K, 37% used [0x00000007abe80000,0x00000007abeb0000,0x00000007abf00000)
  to   space 5632K, 0% used [0x00000007ab400000,0x00000007ab400000,0x00000007ab980000)
 ParOldGen       total 189440K, used 7636K [0x00000006c2a00000, 0x00000006ce300000, 0x000000076b900000)
  object space 189440K, 4% used [0x00000006c2a00000,0x00000006c3175238,0x00000006ce300000)
 Metaspace       used 19048K, capacity 19418K, committed 25216K, reserved 1071104K
  class space    used 2159K, capacity 2275K, committed 2944K, reserved 1048576K
Event: 18.088 GC heap after
Heap after GC invocations=44 (full 11):
 PSYoungGen      total 1049088K, used 192K [0x000000076b900000, 0x00000007adb00000, 0x00000007c0000000)
  eden space 1043456K, 0% used [0x000000076b900000,0x000000076b900000,0x00000007ab400000)
  from space 5632K, 3% used [0x00000007ab400000,0x00000007ab430000,0x00000007ab980000)
  to   space 5120K, 0% used [0x00000007ad600000,0x00000007ad600000,0x00000007adb00000)
 ParOldGen       total 189440K, used 7636K [0x00000006c2a00000, 0x00000006ce300000, 0x000000076b900000)
  object space 189440K, 4% used [0x00000006c2a00000,0x00000006c3175238,0x00000006ce300000)
 Metaspace       used 19048K, capacity 19418K, committed 25216K, reserved 1071104K
  class space    used 2159K, capacity 2275K, committed 2944K, reserved 1048576K
}
Event: 18.788 GC heap before
{Heap before GC invocations=45 (full 11):
 PSYoungGen      total 1049088K, used 1043648K [0x000000076b900000, 0x00000007adb00000, 0x00000007c0000000)
  eden space 1043456K, 100% used [0x000000076b900000,0x00000007ab400000,0x00000007ab400000)
  from space 5632K, 3% used [0x00000007ab400000,0x00000007ab430000,0x00000007ab980000)
  to   space 5120K, 0% used [0x00000007ad600000,0x00000007ad600000,0x00000007adb00000)
 ParOldGen       total 189440K, used 7636K [0x00000006c2a00000, 0x00000006ce300000, 0x000000076b900000)
  object space 189440K, 4% used [0x00000006c2a00000,0x00000006c3175238,0x00000006ce300000)
 Metaspace       used 19048K, capacity 19418K, committed 25216K, reserved 1071104K
  class space    used 2159K, capacity 2275K, committed 2944K, reserved 1048576K
Event: 18.790 GC heap after
Heap after GC invocations=45 (full 11):
 PSYoungGen      total 1078784K, used 288K [0x000000076b900000, 0x00000007adb00000, 0x00000007c0000000)
  eden space 1073664K, 0% used [0x000000076b900000,0x000000076b900000,0x00000007ad180000)
  from space 5120K, 5% used [0x00000007ad600000,0x00000007ad648000,0x00000007adb00000)
  to   space 4608K, 0% used [0x00000007ad180000,0x00000007ad180000,0x00000007ad600000)
 ParOldGen       total 189440K, used 7636K [0x00000006c2a00000, 0x00000006ce300000, 0x000000076b900000)
  object space 189440K, 4% used [0x00000006c2a00000,0x00000006c3175238,0x00000006ce300000)
 Metaspace       used 19048K, capacity 19418K, committed 25216K, reserved 1071104K
  class space    used 2159K, capacity 2275K, committed 2944K, reserved 1048576K
}
Event: 19.522 GC heap before
{Heap before GC invocations=46 (full 11):
 PSYoungGen      total 1078784K, used 1073952K [0x000000076b900000, 0x00000007adb00000, 0x00000007c0000000)
  eden space 1073664K, 100% used [0x000000076b900000,0x00000007ad180000,0x00000007ad180000)
  from space 5120K, 5% used [0x00000007ad600000,0x00000007ad648000,0x00000007adb00000)
  to   space 4608K, 0% used [0x00000007ad180000,0x00000007ad180000,0x00000007ad600000)
 ParOldGen       total 189440K, used 7636K [0x00000006c2a00000, 0x00000006ce300000, 0x000000076b900000)
  object space 189440K, 4% used [0x00000006c2a00000,0x00000006c3175238,0x00000006ce300000)
 Metaspace       used 19048K, capacity 19418K, committed 25216K, reserved 1071104K
  class space    used 2159K, capacity 2275K, committed 2944K, reserved 1048576K
Event: 19.523 GC heap after
Heap after GC invocations=46 (full 11):
 PSYoungGen      total 1078272K, used 160K [0x000000076b900000, 0x00000007af600000, 0x00000007c0000000)
  eden space 1073664K, 0% used [0x000000076b900000,0x000000076b900000,0x00000007ad180000)
  from space 4608K, 3% used [0x00000007ad180000,0x00000007ad1a8000,0x00000007ad600000)
  to   space 4608K, 0% used [0x00000007af180000,0x00000007af180000,0x00000007af600000)
 ParOldGen       total 189440K, used 7636K [0x00000006c2a00000, 0x00000006ce300000, 0x000000076b900000)
  object space 189440K, 4% used [0x00000006c2a00000,0x00000006c3175238,0x00000006ce300000)
 Metaspace       used 19048K, capacity 19418K, committed 25216K, reserved 1071104K
  class space    used 2159K, capacity 2275K, committed 2944K, reserved 1048576K
}
Event: 20.243 GC heap before
{Heap before GC invocations=47 (full 11):
 PSYoungGen      total 1078272K, used 1073824K [0x000000076b900000, 0x00000007af600000, 0x00000007c0000000)
  eden space 1073664K, 100% used [0x000000076b900000,0x00000007ad180000,0x00000007ad180000)
  from space 4608K, 3% used [0x00000007ad180000,0x00000007ad1a8000,0x00000007ad600000)
  to   space 4608K, 0% used [0x00000007af180000,0x00000007af180000,0x00000007af600000)
 ParOldGen       total 189440K, used 7636K [0x00000006c2a00000, 0x00000006ce300000, 0x000000076b900000)
  object space 189440K, 4% used [0x00000006c2a00000,0x00000006c3175238,0x00000006ce300000)
 Metaspace       used 19048K, capacity 19418K, committed 25216K, reserved 1071104K
  class space    used 2159K, capacity 2275K, committed 2944K, reserved 1048576K
Event: 20.244 GC heap after
Heap after GC invocations=47 (full 11):
 PSYoungGen      total 1102336K, used 224K [0x000000076b900000, 0x00000007af380000, 0x00000007c0000000)
  eden space 1100288K, 0% used [0x000000076b900000,0x000000076b900000,0x00000007aeb80000)
  from space 2048K, 10% used [0x00000007af180000,0x00000007af1b8000,0x00000007af380000)
  to   space 4096K, 0% used [0x00000007aeb80000,0x00000007aeb80000,0x00000007aef80000)
 ParOldGen       total 189440K, used 7636K [0x00000006c2a00000, 0x00000006ce300000, 0x000000076b900000)
  object space 189440K, 4% used [0x00000006c2a00000,0x00000006c3175238,0x00000006ce300000)
 Metaspace       used 19048K, capacity 19418K, committed 25216K, reserved 1071104K
  class space    used 2159K, capacity 2275K, committed 2944K, reserved 1048576K
}

