# JRE version: Java(TM) SE Runtime Environment (8.0_211-b12) (build 1.8.0_211-b12)
# Java VM: Java HotSpot(TM) 64-Bit Server VM (25.211-b12 mixed mode windows-amd64 compressed oops)
Heap:
 PSYoungGen      total 447488K, used 429514K [0x000000076b900000, 0x000000078c380000, 0x00000007c0000000)
  eden space 444416K, 96% used [0x000000076b900000,0x00000007859ec690,0x0000000786b00000)
  from space 3072K, 84% used [0x000000078c080000,0x000000078c306568,0x000000078c380000)
  to   space 11264K, 0% used [0x000000078ad80000,0x000000078ad80000,0x000000078b880000)
 ParOldGen       total 106496K, used 7032K [0x00000006c2a00000, 0x00000006c9200000, 0x000000076b900000)
  object space 106496K, 6% used [0x00000006c2a00000,0x00000006c30de3b8,0x00000006c9200000)
 Metaspace       used 22856K, capacity 23198K, committed 23552K, reserved 1071104K
  class space    used 2593K, capacity 2715K, committed 2816K, reserved 1048576K
GC Heap History (10 events):
Event: 0.675 GC heap before
{Heap before GC invocations=3 (full 0):
 PSYoungGen      total 140800K, used 112940K [0x000000076b900000, 0x0000000774d00000, 0x00000007c0000000)
  eden space 130048K, 86% used [0x000000076b900000,0x0000000772687038,0x0000000773800000)
  from space 10752K, 7% used [0x0000000774280000,0x0000000774344010,0x0000000774d00000)
  to   space 10752K, 0% used [0x0000000773800000,0x0000000773800000,0x0000000774280000)
 ParOldGen       total 173568K, used 32784K [0x00000006c2a00000, 0x00000006cd380000, 0x000000076b900000)
  object space 173568K, 18% used [0x00000006c2a00000,0x00000006c4a04010,0x00000006cd380000)
 Metaspace       used 4882K, capacity 5248K, committed 5504K, reserved 1056768K
  class space    used 543K, capacity 560K, committed 640K, reserved 1048576K
Event: 0.694 GC heap after
Heap after GC invocations=3 (full 0):
 PSYoungGen      total 140800K, used 896K [0x000000076b900000, 0x000000077cc00000, 0x00000007c0000000)
  eden space 130048K, 0% used [0x000000076b900000,0x000000076b900000,0x0000000773800000)
  from space 10752K, 8% used [0x0000000773800000,0x00000007738e0000,0x0000000774280000)
  to   space 10752K, 0% used [0x000000077c180000,0x000000077c180000,0x000000077cc00000)
 ParOldGen       total 173568K, used 49176K [0x00000006c2a00000, 0x00000006cd380000, 0x000000076b900000)
  object space 173568K, 28% used [0x00000006c2a00000,0x00000006c5a06020,0x00000006cd380000)
 Metaspace       used 4882K, capacity 5248K, committed 5504K, reserved 1056768K
  class space    used 543K, capacity 560K, committed 640K, reserved 1048576K
}
Event: 1.750 GC heap before
{Heap before GC invocations=4 (full 0):
 PSYoungGen      total 140800K, used 130944K [0x000000076b900000, 0x000000077cc00000, 0x00000007c0000000)
  eden space 130048K, 100% used [0x000000076b900000,0x0000000773800000,0x0000000773800000)
  from space 10752K, 8% used [0x0000000773800000,0x00000007738e0000,0x0000000774280000)
  to   space 10752K, 0% used [0x000000077c180000,0x000000077c180000,0x000000077cc00000)
 ParOldGen       total 173568K, used 49176K [0x00000006c2a00000, 0x00000006cd380000, 0x000000076b900000)
  object space 173568K, 28% used [0x00000006c2a00000,0x00000006c5a06020,0x00000006cd380000)
 Metaspace       used 17507K, capacity 17840K, committed 18048K, reserved 1064960K
  class space    used 2032K, capacity 2164K, committed 2176K, reserved 1048576K
Event: 1.755 GC heap after
Heap after GC invocations=4 (full 0):
 PSYoungGen      total 270848K, used 5959K [0x000000076b900000, 0x000000077cc00000, 0x00000007c0000000)
  eden space 260096K, 0% used [0x000000076b900000,0x000000076b900000,0x000000077b700000)
  from space 10752K, 55% used [0x000000077c180000,0x000000077c751f30,0x000000077cc00000)
  to   space 10752K, 0% used [0x000000077b700000,0x000000077b700000,0x000000077c180000)
 ParOldGen       total 173568K, used 49256K [0x00000006c2a00000, 0x00000006cd380000, 0x000000076b900000)
  object space 173568K, 28% used [0x00000006c2a00000,0x00000006c5a1a030,0x00000006cd380000)
 Metaspace       used 17507K, capacity 17840K, committed 18048K, reserved 1064960K
  class space    used 2032K, capacity 2164K, committed 2176K, reserved 1048576K
}
Event: 2.196 GC heap before
{Heap before GC invocations=5 (full 0):
 PSYoungGen      total 270848K, used 37526K [0x000000076b900000, 0x000000077cc00000, 0x00000007c0000000)
  eden space 260096K, 12% used [0x000000076b900000,0x000000076d7d3af0,0x000000077b700000)
  from space 10752K, 55% used [0x000000077c180000,0x000000077c751f30,0x000000077cc00000)
  to   space 10752K, 0% used [0x000000077b700000,0x000000077b700000,0x000000077c180000)
 ParOldGen       total 173568K, used 49256K [0x00000006c2a00000, 0x00000006cd380000, 0x000000076b900000)
  object space 173568K, 28% used [0x00000006c2a00000,0x00000006c5a1a030,0x00000006cd380000)
 Metaspace       used 20719K, capacity 21078K, committed 21248K, reserved 1069056K
  class space    used 2349K, capacity 2491K, committed 2560K, reserved 1048576K
Event: 2.201 GC heap after
Heap after GC invocations=5 (full 0):
 PSYoungGen      total 270848K, used 6725K [0x000000076b900000, 0x000000078cc00000, 0x00000007c0000000)
  eden space 260096K, 0% used [0x000000076b900000,0x000000076b900000,0x000000077b700000)
  from space 10752K, 62% used [0x000000077b700000,0x000000077bd91710,0x000000077c180000)
  to   space 11776K, 0% used [0x000000078c080000,0x000000078c080000,0x000000078cc00000)
 ParOldGen       total 173568K, used 49264K [0x00000006c2a00000, 0x00000006cd380000, 0x000000076b900000)
  object space 173568K, 28% used [0x00000006c2a00000,0x00000006c5a1c030,0x00000006cd380000)
 Metaspace       used 20719K, capacity 21078K, committed 21248K, reserved 1069056K
  class space    used 2349K, capacity 2491K, committed 2560K, reserved 1048576K
}
Event: 2.201 GC heap before
{Heap before GC invocations=6 (full 1):
 PSYoungGen      total 270848K, used 6725K [0x000000076b900000, 0x000000078cc00000, 0x00000007c0000000)
  eden space 260096K, 0% used [0x000000076b900000,0x000000076b900000,0x000000077b700000)
  from space 10752K, 62% used [0x000000077b700000,0x000000077bd91710,0x000000077c180000)
  to   space 11776K, 0% used [0x000000078c080000,0x000000078c080000,0x000000078cc00000)
 ParOldGen       total 173568K, used 49264K [0x00000006c2a00000, 0x00000006cd380000, 0x000000076b900000)
  object space 173568K, 28% used [0x00000006c2a00000,0x00000006c5a1c030,0x00000006cd380000)
 Metaspace       used 20719K, capacity 21078K, committed 21248K, reserved 1069056K
  class space    used 2349K, capacity 2491K, committed 2560K, reserved 1048576K
Event: 2.217 GC heap after
Heap after GC invocations=6 (full 1):
 PSYoungGen      total 270848K, used 0K [0x000000076b900000, 0x000000078cc00000, 0x00000007c0000000)
  eden space 260096K, 0% used [0x000000076b900000,0x000000076b900000,0x000000077b700000)
  from space 10752K, 0% used [0x000000077b700000,0x000000077b700000,0x000000077c180000)
  to   space 11776K, 0% used [0x000000078c080000,0x000000078c080000,0x000000078cc00000)
 ParOldGen       total 106496K, used 7024K [0x00000006c2a00000, 0x00000006c9200000, 0x000000076b900000)
  object space 106496K, 6% used [0x00000006c2a00000,0x00000006c30dc3b8,0x00000006c9200000)
 Metaspace       used 20707K, capacity 21058K, committed 21248K, reserved 1069056K
  class space    used 2344K, capacity 2481K, committed 2560K, reserved 1048576K
}
Event: 24.688 GC heap before
{Heap before GC invocations=7 (full 1):
 PSYoungGen      total 270848K, used 260096K [0x000000076b900000, 0x000000078cc00000, 0x00000007c0000000)
  eden space 260096K, 100% used [0x000000076b900000,0x000000077b700000,0x000000077b700000)
  from space 10752K, 0% used [0x000000077b700000,0x000000077b700000,0x000000077c180000)
  to   space 11776K, 0% used [0x000000078c080000,0x000000078c080000,0x000000078cc00000)
 ParOldGen       total 106496K, used 7024K [0x00000006c2a00000, 0x00000006c9200000, 0x000000076b900000)
  object space 106496K, 6% used [0x00000006c2a00000,0x00000006c30dc3b8,0x00000006c9200000)
 Metaspace       used 22745K, capacity 23070K, committed 23296K, reserved 1069056K
  class space    used 2577K, capacity 2715K, committed 2816K, reserved 1048576K
Event: 24.692 GC heap after
Heap after GC invocations=7 (full 1):
 PSYoungGen      total 447488K, used 2585K [0x000000076b900000, 0x000000078c380000, 0x00000007c0000000)
  eden space 444416K, 0% used [0x000000076b900000,0x000000076b900000,0x0000000786b00000)
  from space 3072K, 84% used [0x000000078c080000,0x000000078c306568,0x000000078c380000)
  to   space 11264K, 0% used [0x000000078ad80000,0x000000078ad80000,0x000000078b880000)
 ParOldGen       total 106496K, used 7032K [0x00000006c2a00000, 0x00000006c9200000, 0x000000076b900000)
  object space 106496K, 6% used [0x00000006c2a00000,0x00000006c30de3b8,0x00000006c9200000)
 Metaspace       used 22745K, capacity 23070K, committed 23296K, reserved 1069056K
  class space    used 2577K, capacity 2715K, committed 2816K, reserved 1048576K
}

