# JRE version: Java(TM) SE Runtime Environment (8.0_211-b12) (build 1.8.0_211-b12)
# Java VM: Java HotSpot(TM) 64-Bit Server VM (25.211-b12 mixed mode windows-amd64 compressed oops)
Heap:
 PSYoungGen      total 1366528K, used 1092952K [0x000000076b900000, 0x00000007bfe80000, 0x00000007c0000000)
  eden space 1363456K, 80% used [0x000000076b900000,0x00000007ae3f6168,0x00000007bec80000)
  from space 3072K, 12% used [0x00000007bec80000,0x00000007bece0000,0x00000007bef80000)
  to   space 2560K, 0% used [0x00000007bfc00000,0x00000007bfc00000,0x00000007bfe80000)
 ParOldGen       total 183296K, used 9005K [0x00000006c2a00000, 0x00000006cdd00000, 0x000000076b900000)
  object space 183296K, 4% used [0x00000006c2a00000,0x00000006c32cb590,0x00000006cdd00000)
 Metaspace       used 24983K, capacity 25544K, committed 25984K, reserved 1073152K
  class space    used 2670K, capacity 2844K, committed 2944K, reserved 1048576K
GC Heap History (10 events):
Event: 37.542 GC heap before
{Heap before GC invocations=42 (full 3):
 PSYoungGen      total 1337856K, used 1334624K [0x000000076b900000, 0x00000007bd700000, 0x00000007c0000000)
  eden space 1334272K, 100% used [0x000000076b900000,0x00000007bd000000,0x00000007bd000000)
  from space 3584K, 9% used [0x00000007bd380000,0x00000007bd3d8000,0x00000007bd700000)
  to   space 3584K, 0% used [0x00000007bd000000,0x00000007bd000000,0x00000007bd380000)
 ParOldGen       total 183296K, used 8965K [0x00000006c2a00000, 0x00000006cdd00000, 0x000000076b900000)
  object space 183296K, 4% used [0x00000006c2a00000,0x00000006c32c1590,0x00000006cdd00000)
 Metaspace       used 24973K, capacity 25480K, committed 25856K, reserved 1073152K
  class space    used 2666K, capacity 2780K, committed 2816K, reserved 1048576K
Event: 37.544 GC heap after
Heap after GC invocations=42 (full 3):
 PSYoungGen      total 1337856K, used 352K [0x000000076b900000, 0x00000007be780000, 0x00000007c0000000)
  eden space 1334272K, 0% used [0x000000076b900000,0x000000076b900000,0x00000007bd000000)
  from space 3584K, 9% used [0x00000007bd000000,0x00000007bd058000,0x00000007bd380000)
  to   space 3584K, 0% used [0x00000007be400000,0x00000007be400000,0x00000007be780000)
 ParOldGen       total 183296K, used 8989K [0x00000006c2a00000, 0x00000006cdd00000, 0x000000076b900000)
  object space 183296K, 4% used [0x00000006c2a00000,0x00000006c32c7590,0x00000006cdd00000)
 Metaspace       used 24973K, capacity 25480K, committed 25856K, reserved 1073152K
  class space    used 2666K, capacity 2780K, committed 2816K, reserved 1048576K
}
Event: 38.845 GC heap before
{Heap before GC invocations=43 (full 3):
 PSYoungGen      total 1337856K, used 1334624K [0x000000076b900000, 0x00000007be780000, 0x00000007c0000000)
  eden space 1334272K, 100% used [0x000000076b900000,0x00000007bd000000,0x00000007bd000000)
  from space 3584K, 9% used [0x00000007bd000000,0x00000007bd058000,0x00000007bd380000)
  to   space 3584K, 0% used [0x00000007be400000,0x00000007be400000,0x00000007be780000)
 ParOldGen       total 183296K, used 8989K [0x00000006c2a00000, 0x00000006cdd00000, 0x000000076b900000)
  object space 183296K, 4% used [0x00000006c2a00000,0x00000006c32c7590,0x00000006cdd00000)
 Metaspace       used 24976K, capacity 25480K, committed 25856K, reserved 1073152K
  class space    used 2667K, capacity 2780K, committed 2816K, reserved 1048576K
Event: 38.846 GC heap after
Heap after GC invocations=43 (full 3):
 PSYoungGen      total 1352704K, used 416K [0x000000076b900000, 0x00000007be600000, 0x00000007c0000000)
  eden space 1350656K, 0% used [0x000000076b900000,0x000000076b900000,0x00000007be000000)
  from space 2048K, 20% used [0x00000007be400000,0x00000007be468000,0x00000007be600000)
  to   space 3072K, 0% used [0x00000007be000000,0x00000007be000000,0x00000007be300000)
 ParOldGen       total 183296K, used 8989K [0x00000006c2a00000, 0x00000006cdd00000, 0x000000076b900000)
  object space 183296K, 4% used [0x00000006c2a00000,0x00000006c32c7590,0x00000006cdd00000)
 Metaspace       used 24976K, capacity 25480K, committed 25856K, reserved 1073152K
  class space    used 2667K, capacity 2780K, committed 2816K, reserved 1048576K
}
Event: 40.153 GC heap before
{Heap before GC invocations=44 (full 3):
 PSYoungGen      total 1352704K, used 1351072K [0x000000076b900000, 0x00000007be600000, 0x00000007c0000000)
  eden space 1350656K, 100% used [0x000000076b900000,0x00000007be000000,0x00000007be000000)
  from space 2048K, 20% used [0x00000007be400000,0x00000007be468000,0x00000007be600000)
  to   space 3072K, 0% used [0x00000007be000000,0x00000007be000000,0x00000007be300000)
 ParOldGen       total 183296K, used 8989K [0x00000006c2a00000, 0x00000006cdd00000, 0x000000076b900000)
  object space 183296K, 4% used [0x00000006c2a00000,0x00000006c32c7590,0x00000006cdd00000)
 Metaspace       used 24976K, capacity 25480K, committed 25856K, reserved 1073152K
  class space    used 2667K, capacity 2780K, committed 2816K, reserved 1048576K
Event: 40.154 GC heap after
Heap after GC invocations=44 (full 3):
 PSYoungGen      total 1353728K, used 352K [0x000000076b900000, 0x00000007bf300000, 0x00000007c0000000)
  eden space 1350656K, 0% used [0x000000076b900000,0x000000076b900000,0x00000007be000000)
  from space 3072K, 11% used [0x00000007be000000,0x00000007be058000,0x00000007be300000)
  to   space 3072K, 0% used [0x00000007bf000000,0x00000007bf000000,0x00000007bf300000)
 ParOldGen       total 183296K, used 8997K [0x00000006c2a00000, 0x00000006cdd00000, 0x000000076b900000)
  object space 183296K, 4% used [0x00000006c2a00000,0x00000006c32c9590,0x00000006cdd00000)
 Metaspace       used 24976K, capacity 25480K, committed 25856K, reserved 1073152K
  class space    used 2667K, capacity 2780K, committed 2816K, reserved 1048576K
}
Event: 41.437 GC heap before
{Heap before GC invocations=45 (full 3):
 PSYoungGen      total 1353728K, used 1351008K [0x000000076b900000, 0x00000007bf300000, 0x00000007c0000000)
  eden space 1350656K, 100% used [0x000000076b900000,0x00000007be000000,0x00000007be000000)
  from space 3072K, 11% used [0x00000007be000000,0x00000007be058000,0x00000007be300000)
  to   space 3072K, 0% used [0x00000007bf000000,0x00000007bf000000,0x00000007bf300000)
 ParOldGen       total 183296K, used 8997K [0x00000006c2a00000, 0x00000006cdd00000, 0x000000076b900000)
  object space 183296K, 4% used [0x00000006c2a00000,0x00000006c32c9590,0x00000006cdd00000)
 Metaspace       used 24976K, capacity 25480K, committed 25856K, reserved 1073152K
  class space    used 2667K, capacity 2780K, committed 2816K, reserved 1048576K
Event: 41.438 GC heap after
Heap after GC invocations=45 (full 3):
 PSYoungGen      total 1366016K, used 352K [0x000000076b900000, 0x00000007bf280000, 0x00000007c0000000)
  eden space 1363456K, 0% used [0x000000076b900000,0x000000076b900000,0x00000007bec80000)
  from space 2560K, 13% used [0x00000007bf000000,0x00000007bf058000,0x00000007bf280000)
  to   space 3072K, 0% used [0x00000007bec80000,0x00000007bec80000,0x00000007bef80000)
 ParOldGen       total 183296K, used 9005K [0x00000006c2a00000, 0x00000006cdd00000, 0x000000076b900000)
  object space 183296K, 4% used [0x00000006c2a00000,0x00000006c32cb590,0x00000006cdd00000)
 Metaspace       used 24976K, capacity 25480K, committed 25856K, reserved 1073152K
  class space    used 2667K, capacity 2780K, committed 2816K, reserved 1048576K
}
Event: 42.720 GC heap before
{Heap before GC invocations=46 (full 3):
 PSYoungGen      total 1366016K, used 1363808K [0x000000076b900000, 0x00000007bf280000, 0x00000007c0000000)
  eden space 1363456K, 100% used [0x000000076b900000,0x00000007bec80000,0x00000007bec80000)
  from space 2560K, 13% used [0x00000007bf000000,0x00000007bf058000,0x00000007bf280000)
  to   space 3072K, 0% used [0x00000007bec80000,0x00000007bec80000,0x00000007bef80000)
 ParOldGen       total 183296K, used 9005K [0x00000006c2a00000, 0x00000006cdd00000, 0x000000076b900000)
  object space 183296K, 4% used [0x00000006c2a00000,0x00000006c32cb590,0x00000006cdd00000)
 Metaspace       used 24976K, capacity 25480K, committed 25856K, reserved 1073152K
  class space    used 2667K, capacity 2780K, committed 2816K, reserved 1048576K
Event: 42.721 GC heap after
Heap after GC invocations=46 (full 3):
 PSYoungGen      total 1366528K, used 384K [0x000000076b900000, 0x00000007bfe80000, 0x00000007c0000000)
  eden space 1363456K, 0% used [0x000000076b900000,0x000000076b900000,0x00000007bec80000)
  from space 3072K, 12% used [0x00000007bec80000,0x00000007bece0000,0x00000007bef80000)
  to   space 2560K, 0% used [0x00000007bfc00000,0x00000007bfc00000,0x00000007bfe80000)
 ParOldGen       total 183296K, used 9005K [0x00000006c2a00000, 0x00000006cdd00000, 0x000000076b900000)
  object space 183296K, 4% used [0x00000006c2a00000,0x00000006c32cb590,0x00000006cdd00000)
 Metaspace       used 24976K, capacity 25480K, committed 25856K, reserved 1073152K
  class space    used 2667K, capacity 2780K, committed 2816K, reserved 1048576K
}

