# JRE version: Java(TM) SE Runtime Environment (8.0_211-b12) (build 1.8.0_211-b12)
# Java VM: Java HotSpot(TM) 64-Bit Server VM (25.211-b12 mixed mode windows-amd64 compressed oops)
Heap:
 PSYoungGen      total 468480K, used 232687K [0x000000076b900000, 0x000000078c300000, 0x00000007c0000000)
  eden space 465920K, 49% used [0x000000076b900000,0x00000007799f5ea8,0x0000000788000000)
  from space 2560K, 90% used [0x000000078c080000,0x000000078c2c5e50,0x000000078c300000)
  to   space 11264K, 0% used [0x000000078ad00000,0x000000078ad00000,0x000000078b800000)
 ParOldGen       total 101376K, used 6630K [0x00000006c2a00000, 0x00000006c8d00000, 0x000000076b900000)
  object space 101376K, 6% used [0x00000006c2a00000,0x00000006c3079b50,0x00000006c8d00000)
 Metaspace       used 22461K, capacity 22824K, committed 22912K, reserved 1069056K
  class space    used 2558K, capacity 2680K, committed 2688K, reserved 1048576K
GC Heap History (10 events):
Event: 0.644 GC heap before
{Heap before GC invocations=3 (full 0):
 PSYoungGen      total 140800K, used 112924K [0x000000076b900000, 0x0000000774d00000, 0x00000007c0000000)
  eden space 130048K, 86% used [0x000000076b900000,0x00000007726872e0,0x0000000773800000)
  from space 10752K, 7% used [0x0000000774280000,0x0000000774340020,0x0000000774d00000)
  to   space 10752K, 0% used [0x0000000773800000,0x0000000773800000,0x0000000774280000)
 ParOldGen       total 173568K, used 32776K [0x00000006c2a00000, 0x00000006cd380000, 0x000000076b900000)
  object space 173568K, 18% used [0x00000006c2a00000,0x00000006c4a02010,0x00000006cd380000)
 Metaspace       used 4875K, capacity 5248K, committed 5504K, reserved 1056768K
  class space    used 543K, capacity 560K, committed 640K, reserved 1048576K
Event: 0.660 GC heap after
Heap after GC invocations=3 (full 0):
 PSYoungGen      total 140800K, used 912K [0x000000076b900000, 0x000000077cc00000, 0x00000007c0000000)
  eden space 130048K, 0% used [0x000000076b900000,0x000000076b900000,0x0000000773800000)
  from space 10752K, 8% used [0x0000000773800000,0x00000007738e4010,0x0000000774280000)
  to   space 10752K, 0% used [0x000000077c180000,0x000000077c180000,0x000000077cc00000)
 ParOldGen       total 173568K, used 49168K [0x00000006c2a00000, 0x00000006cd380000, 0x000000076b900000)
  object space 173568K, 28% used [0x00000006c2a00000,0x00000006c5a04020,0x00000006cd380000)
 Metaspace       used 4875K, capacity 5248K, committed 5504K, reserved 1056768K
  class space    used 543K, capacity 560K, committed 640K, reserved 1048576K
}
Event: 3.714 GC heap before
{Heap before GC invocations=4 (full 0):
 PSYoungGen      total 140800K, used 130960K [0x000000076b900000, 0x000000077cc00000, 0x00000007c0000000)
  eden space 130048K, 100% used [0x000000076b900000,0x0000000773800000,0x0000000773800000)
  from space 10752K, 8% used [0x0000000773800000,0x00000007738e4010,0x0000000774280000)
  to   space 10752K, 0% used [0x000000077c180000,0x000000077c180000,0x000000077cc00000)
 ParOldGen       total 173568K, used 49168K [0x00000006c2a00000, 0x00000006cd380000, 0x000000076b900000)
  object space 173568K, 28% used [0x00000006c2a00000,0x00000006c5a04020,0x00000006cd380000)
 Metaspace       used 17498K, capacity 17836K, committed 18048K, reserved 1064960K
  class space    used 2032K, capacity 2164K, committed 2176K, reserved 1048576K
Event: 3.726 GC heap after
Heap after GC invocations=4 (full 0):
 PSYoungGen      total 270848K, used 5846K [0x000000076b900000, 0x000000077cc00000, 0x00000007c0000000)
  eden space 260096K, 0% used [0x000000076b900000,0x000000076b900000,0x000000077b700000)
  from space 10752K, 54% used [0x000000077c180000,0x000000077c735a30,0x000000077cc00000)
  to   space 10752K, 0% used [0x000000077b700000,0x000000077b700000,0x000000077c180000)
 ParOldGen       total 173568K, used 49248K [0x00000006c2a00000, 0x00000006cd380000, 0x000000076b900000)
  object space 173568K, 28% used [0x00000006c2a00000,0x00000006c5a18030,0x00000006cd380000)
 Metaspace       used 17498K, capacity 17836K, committed 18048K, reserved 1064960K
  class space    used 2032K, capacity 2164K, committed 2176K, reserved 1048576K
}
Event: 4.196 GC heap before
{Heap before GC invocations=5 (full 0):
 PSYoungGen      total 270848K, used 37614K [0x000000076b900000, 0x000000077cc00000, 0x00000007c0000000)
  eden space 260096K, 12% used [0x000000076b900000,0x000000076d805f78,0x000000077b700000)
  from space 10752K, 54% used [0x000000077c180000,0x000000077c735a30,0x000000077cc00000)
  to   space 10752K, 0% used [0x000000077b700000,0x000000077b700000,0x000000077c180000)
 ParOldGen       total 173568K, used 49248K [0x00000006c2a00000, 0x00000006cd380000, 0x000000076b900000)
  object space 173568K, 28% used [0x00000006c2a00000,0x00000006c5a18030,0x00000006cd380000)
 Metaspace       used 20759K, capacity 21074K, committed 21248K, reserved 1069056K
  class space    used 2351K, capacity 2491K, committed 2560K, reserved 1048576K
Event: 4.201 GC heap after
Heap after GC invocations=5 (full 0):
 PSYoungGen      total 270848K, used 6809K [0x000000076b900000, 0x000000078cc00000, 0x00000007c0000000)
  eden space 260096K, 0% used [0x000000076b900000,0x000000076b900000,0x000000077b700000)
  from space 10752K, 63% used [0x000000077b700000,0x000000077bda67e8,0x000000077c180000)
  to   space 11776K, 0% used [0x000000078c080000,0x000000078c080000,0x000000078cc00000)
 ParOldGen       total 173568K, used 49256K [0x00000006c2a00000, 0x00000006cd380000, 0x000000076b900000)
  object space 173568K, 28% used [0x00000006c2a00000,0x00000006c5a1a030,0x00000006cd380000)
 Metaspace       used 20759K, capacity 21074K, committed 21248K, reserved 1069056K
  class space    used 2351K, capacity 2491K, committed 2560K, reserved 1048576K
}
Event: 4.201 GC heap before
{Heap before GC invocations=6 (full 1):
 PSYoungGen      total 270848K, used 6809K [0x000000076b900000, 0x000000078cc00000, 0x00000007c0000000)
  eden space 260096K, 0% used [0x000000076b900000,0x000000076b900000,0x000000077b700000)
  from space 10752K, 63% used [0x000000077b700000,0x000000077bda67e8,0x000000077c180000)
  to   space 11776K, 0% used [0x000000078c080000,0x000000078c080000,0x000000078cc00000)
 ParOldGen       total 173568K, used 49256K [0x00000006c2a00000, 0x00000006cd380000, 0x000000076b900000)
  object space 173568K, 28% used [0x00000006c2a00000,0x00000006c5a1a030,0x00000006cd380000)
 Metaspace       used 20759K, capacity 21074K, committed 21248K, reserved 1069056K
  class space    used 2351K, capacity 2491K, committed 2560K, reserved 1048576K
Event: 4.219 GC heap after
Heap after GC invocations=6 (full 1):
 PSYoungGen      total 270848K, used 0K [0x000000076b900000, 0x000000078cc00000, 0x00000007c0000000)
  eden space 260096K, 0% used [0x000000076b900000,0x000000076b900000,0x000000077b700000)
  from space 10752K, 0% used [0x000000077b700000,0x000000077b700000,0x000000077c180000)
  to   space 11776K, 0% used [0x000000078c080000,0x000000078c080000,0x000000078cc00000)
 ParOldGen       total 101376K, used 6622K [0x00000006c2a00000, 0x00000006c8d00000, 0x000000076b900000)
  object space 101376K, 6% used [0x00000006c2a00000,0x00000006c3077b50,0x00000006c8d00000)
 Metaspace       used 20746K, capacity 21054K, committed 21248K, reserved 1069056K
  class space    used 2346K, capacity 2481K, committed 2560K, reserved 1048576K
}
Event: 19.934 GC heap before
{Heap before GC invocations=7 (full 1):
 PSYoungGen      total 270848K, used 260096K [0x000000076b900000, 0x000000078cc00000, 0x00000007c0000000)
  eden space 260096K, 100% used [0x000000076b900000,0x000000077b700000,0x000000077b700000)
  from space 10752K, 0% used [0x000000077b700000,0x000000077b700000,0x000000077c180000)
  to   space 11776K, 0% used [0x000000078c080000,0x000000078c080000,0x000000078cc00000)
 ParOldGen       total 101376K, used 6622K [0x00000006c2a00000, 0x00000006c8d00000, 0x000000076b900000)
  object space 101376K, 6% used [0x00000006c2a00000,0x00000006c3077b50,0x00000006c8d00000)
 Metaspace       used 22353K, capacity 22696K, committed 22912K, reserved 1069056K
  class space    used 2544K, capacity 2680K, committed 2688K, reserved 1048576K
Event: 19.935 GC heap after
Heap after GC invocations=7 (full 1):
 PSYoungGen      total 468480K, used 2327K [0x000000076b900000, 0x000000078c300000, 0x00000007c0000000)
  eden space 465920K, 0% used [0x000000076b900000,0x000000076b900000,0x0000000788000000)
  from space 2560K, 90% used [0x000000078c080000,0x000000078c2c5e50,0x000000078c300000)
  to   space 11264K, 0% used [0x000000078ad00000,0x000000078ad00000,0x000000078b800000)
 ParOldGen       total 101376K, used 6630K [0x00000006c2a00000, 0x00000006c8d00000, 0x000000076b900000)
  object space 101376K, 6% used [0x00000006c2a00000,0x00000006c3079b50,0x00000006c8d00000)
 Metaspace       used 22353K, capacity 22696K, committed 22912K, reserved 1069056K
  class space    used 2544K, capacity 2680K, committed 2688K, reserved 1048576K
}

